InsulinApp/app/build/intermediates/manifest_merge_blame_file/debug/manifest-merger-blame-debug-report.txt
1<?xml version="1.0" encoding="utf-8"?>
2<manifest xmlns:android="http://schemas.android.com/apk/res/android"
3    package="njitinsulin.insulinapp"
4    android:versionCode="1"
5    android:versionName="1.0" >
6
7    <uses-sdk
8        android:minSdkVersion="28"
8-->src\main\AndroidManifest.xml
9        android:targetSdkVersion="33" />
9-->src\main\AndroidManifest.xml
10
11    <!-- Request legacy Bluetooth permissions on older devices. -->
12    <uses-permission
12-->src\main\AndroidManifest.xml:6:5-7:38
13        android:name="android.permission.BLUETOOTH"
13-->src\main\AndroidManifest.xml:6:22-65
14        android:maxSdkVersion="30" />
14-->src\main\AndroidManifest.xml:7:9-35
15    <uses-permission
15-->src\main\AndroidManifest.xml:8:5-9:38
16        android:name="android.permission.BLUETOOTH_ADMIN"
16-->src\main\AndroidManifest.xml:8:22-71
17        android:maxSdkVersion="30" />
17-->src\main\AndroidManifest.xml:9:9-35
18    <uses-permission
18-->src\main\AndroidManifest.xml:10:5-11:38
19        android:name="android.permission.ACCESS_COARSE_LOCATION"
19-->src\main\AndroidManifest.xml:10:22-78
20        android:maxSdkVersion="30" />
20-->src\main\AndroidManifest.xml:11:9-35
21    <uses-permission
21-->src\main\AndroidManifest.xml:12:5-13:38
22        android:name="android.permission.ACCESS_FINE_LOCATION"
22-->src\main\AndroidManifest.xml:12:22-76
23        android:maxSdkVersion="30" />
23-->src\main\AndroidManifest.xml:13:9-35
24    <uses-permission
24-->src\main\AndroidManifest.xml:14:5-16:31
25        android:name="android.permission.BLUETOOTH_SCAN"
25-->src\main\AndroidManifest.xml:14:22-70
26        android:usesPermissionFlags="neverForLocation" />
26-->src\main\AndroidManifest.xml:15:9-55
27    <uses-permission android:name="android.permission.BLUETOOTH_CONNECT" />
27-->src\main\AndroidManifest.xml:17:5-76
27-->src\main\AndroidManifest.xml:17:22-73
28
29    <uses-feature
29-->src\main\AndroidManifest.xml:18:5-91
30        android:name="android.hardware.bluetooth_le"
30-->src\main\AndroidManifest.xml:18:19-63
31        android:required="true" />
31-->src\main\AndroidManifest.xml:18:65-88
32
33    <permission
33-->[androidx.core:core:1.9.0] AndroidManifest.xml:22:5-24:47
34        android:name="njitinsulin.insulinapp.DYNAMIC_RECEIVER_NOT_EXPORTED_PERMISSION"
34-->[androidx.core:core:1.9.0] AndroidManifest.xml:23:9-81
35        android:protectionLevel="signature" />
35-->[androidx.core:core:1.9.0] AndroidManifest.xml:24:9-44
36
37    <uses-permission android:name="njitinsulin.insulinapp.DYNAMIC_RECEIVER_NOT_EXPORTED_PERMISSION" />
37-->[androidx.core:core:1.9.0] AndroidManifest.xml:26:5-97
37-->[androidx.core:core:1.9.0] AndroidManifest.xml:26:22-94
38
39    <application
39-->src\main\AndroidManifest.xml:20:5-45:19
40        android:allowBackup="true"
40-->src\main\AndroidManifest.xml:21:9-35
41        android:appComponentFactory="androidx.core.app.CoreComponentFactory"
41-->[androidx.core:core:1.9.0] AndroidManifest.xml:28:18-86
42        android:dataExtractionRules="@xml/data_extraction_rules"
42-->src\main\AndroidManifest.xml:22:9-65
43        android:debuggable="true"
44        android:extractNativeLibs="false"
45        android:fullBackupContent="@xml/backup_rules"
45-->src\main\AndroidManifest.xml:23:9-54
46        android:icon="@mipmap/ic_launcher"
46-->src\main\AndroidManifest.xml:24:9-43
47        android:label="@string/app_name"
47-->src\main\AndroidManifest.xml:25:9-41
48        android:roundIcon="@mipmap/ic_launcher_round"
48-->src\main\AndroidManifest.xml:26:9-54
49        android:supportsRtl="true"
49-->src\main\AndroidManifest.xml:27:9-35
50        android:testOnly="true"
51        android:theme="@style/Theme.InsulinApp" >
51-->src\main\AndroidManifest.xml:28:9-48
52        <activity
52-->src\main\AndroidManifest.xml:30:9-32:40
53            android:name="njitinsulin.insulinapp.ProfileDataActivity"
53-->src\main\AndroidManifest.xml:31:13-48
54            android:exported="false" />
54-->src\main\AndroidManifest.xml:32:13-37
55        <activity
55-->src\main\AndroidManifest.xml:33:9-35:40
56            android:name="njitinsulin.insulinapp.MealDataActivity"
56-->src\main\AndroidManifest.xml:34:13-45
57            android:exported="false" />
57-->src\main\AndroidManifest.xml:35:13-37
58        <activity
58-->src\main\AndroidManifest.xml:36:9-44:20
59            android:name="njitinsulin.insulinapp.MainActivity"
59-->src\main\AndroidManifest.xml:37:13-41
60            android:exported="true" >
60-->src\main\AndroidManifest.xml:38:13-36
61            <intent-filter>
61-->src\main\AndroidManifest.xml:39:13-43:29
62                <action android:name="android.intent.action.MAIN" />
62-->src\main\AndroidManifest.xml:40:17-69
62-->src\main\AndroidManifest.xml:40:25-66
63
64                <category android:name="android.intent.category.LAUNCHER" />
64-->src\main\AndroidManifest.xml:42:17-77
64-->src\main\AndroidManifest.xml:42:27-74
65            </intent-filter>
66        </activity>
67
68        <provider
68-->[androidx.emoji2:emoji2:1.2.0] AndroidManifest.xml:24:9-32:20
69            android:name="androidx.startup.InitializationProvider"
69-->[androidx.emoji2:emoji2:1.2.0] AndroidManifest.xml:25:13-67
70            android:authorities="njitinsulin.insulinapp.androidx-startup"
70-->[androidx.emoji2:emoji2:1.2.0] AndroidManifest.xml:26:13-68
71            android:exported="false" >
71-->[androidx.emoji2:emoji2:1.2.0] AndroidManifest.xml:27:13-37
72            <meta-data
72-->[androidx.emoji2:emoji2:1.2.0] AndroidManifest.xml:29:13-31:52
73                android:name="androidx.emoji2.text.EmojiCompatInitializer"
73-->[androidx.emoji2:emoji2:1.2.0] AndroidManifest.xml:30:17-75
74                android:value="androidx.startup" />
74-->[androidx.emoji2:emoji2:1.2.0] AndroidManifest.xml:31:17-49
75            <meta-data
75-->[androidx.lifecycle:lifecycle-process:2.4.1] AndroidManifest.xml:31:13-33:52
76                android:name="androidx.lifecycle.ProcessLifecycleInitializer"
76-->[androidx.lifecycle:lifecycle-process:2.4.1] AndroidManifest.xml:32:17-78
77                android:value="androidx.startup" />
77-->[androidx.lifecycle:lifecycle-process:2.4.1] AndroidManifest.xml:33:17-49
78        </provider>
79    </application>
80
81</manifest>